mode: set
kubenebula.io/kubenebula/controllers/team/team_controller.go:61.75,66.16 3 0
kubenebula.io/kubenebula/controllers/team/team_controller.go:76.2,77.52 2 0
kubenebula.io/kubenebula/controllers/team/team_controller.go:107.2,107.51 1 0
kubenebula.io/kubenebula/controllers/team/team_controller.go:111.2,111.53 1 0
kubenebula.io/kubenebula/controllers/team/team_controller.go:115.2,115.52 1 0
kubenebula.io/kubenebula/controllers/team/team_controller.go:119.2,119.58 1 0
kubenebula.io/kubenebula/controllers/team/team_controller.go:123.2,123.50 1 0
kubenebula.io/kubenebula/controllers/team/team_controller.go:126.2,126.27 1 0
kubenebula.io/kubenebula/controllers/team/team_controller.go:66.16,67.29 1 0
kubenebula.io/kubenebula/controllers/team/team_controller.go:73.3,73.33 1 0
kubenebula.io/kubenebula/controllers/team/team_controller.go:67.29,71.4 1 0
kubenebula.io/kubenebula/controllers/team/team_controller.go:77.52,80.70 1 0
kubenebula.io/kubenebula/controllers/team/team_controller.go:80.70,82.67 2 0
kubenebula.io/kubenebula/controllers/team/team_controller.go:82.67,84.5 1 0
kubenebula.io/kubenebula/controllers/team/team_controller.go:86.8,88.69 1 0
kubenebula.io/kubenebula/controllers/team/team_controller.go:104.3,104.33 1 0
kubenebula.io/kubenebula/controllers/team/team_controller.go:88.69,96.115 2 0
kubenebula.io/kubenebula/controllers/team/team_controller.go:99.4,99.67 1 0
kubenebula.io/kubenebula/controllers/team/team_controller.go:96.115,98.5 1 0
kubenebula.io/kubenebula/controllers/team/team_controller.go:99.67,101.5 1 0
kubenebula.io/kubenebula/controllers/team/team_controller.go:107.51,109.3 1 0
kubenebula.io/kubenebula/controllers/team/team_controller.go:111.53,113.3 1 0
kubenebula.io/kubenebula/controllers/team/team_controller.go:115.52,117.3 1 0
kubenebula.io/kubenebula/controllers/team/team_controller.go:119.58,121.3 1 0
kubenebula.io/kubenebula/controllers/team/team_controller.go:123.50,125.3 1 0
kubenebula.io/kubenebula/controllers/team/team_controller.go:129.67,133.2 1 0
kubenebula.io/kubenebula/controllers/team/team_controller.go:135.79,140.89 3 0
kubenebula.io/kubenebula/controllers/team/team_controller.go:144.2,146.42 2 0
kubenebula.io/kubenebula/controllers/team/team_controller.go:159.2,159.160 1 0
kubenebula.io/kubenebula/controllers/team/team_controller.go:169.2,169.12 1 0
kubenebula.io/kubenebula/controllers/team/team_controller.go:140.89,142.3 1 0
kubenebula.io/kubenebula/controllers/team/team_controller.go:146.42,149.17 3 0
kubenebula.io/kubenebula/controllers/team/team_controller.go:152.3,152.16 1 0
kubenebula.io/kubenebula/controllers/team/team_controller.go:149.17,151.4 1 0
kubenebula.io/kubenebula/controllers/team/team_controller.go:153.8,153.23 1 0
kubenebula.io/kubenebula/controllers/team/team_controller.go:153.23,156.3 1 0
kubenebula.io/kubenebula/controllers/team/team_controller.go:159.160,165.17 6 0
kubenebula.io/kubenebula/controllers/team/team_controller.go:165.17,167.4 1 0
kubenebula.io/kubenebula/controllers/team/team_controller.go:172.81,177.91 3 0
kubenebula.io/kubenebula/controllers/team/team_controller.go:181.2,183.42 2 0
kubenebula.io/kubenebula/controllers/team/team_controller.go:198.2,198.166 1 0
kubenebula.io/kubenebula/controllers/team/team_controller.go:208.2,208.12 1 0
kubenebula.io/kubenebula/controllers/team/team_controller.go:177.91,179.3 1 0
kubenebula.io/kubenebula/controllers/team/team_controller.go:183.42,188.17 3 0
kubenebula.io/kubenebula/controllers/team/team_controller.go:191.3,191.18 1 0
kubenebula.io/kubenebula/controllers/team/team_controller.go:188.17,190.4 1 0
kubenebula.io/kubenebula/controllers/team/team_controller.go:192.8,192.23 1 0
kubenebula.io/kubenebula/controllers/team/team_controller.go:192.23,195.3 1 0
kubenebula.io/kubenebula/controllers/team/team_controller.go:198.166,204.17 6 0
kubenebula.io/kubenebula/controllers/team/team_controller.go:204.17,206.4 1 0
kubenebula.io/kubenebula/controllers/team/team_controller.go:211.80,216.90 3 0
kubenebula.io/kubenebula/controllers/team/team_controller.go:220.2,222.42 2 0
kubenebula.io/kubenebula/controllers/team/team_controller.go:236.2,236.163 1 0
kubenebula.io/kubenebula/controllers/team/team_controller.go:247.2,247.12 1 0
kubenebula.io/kubenebula/controllers/team/team_controller.go:216.90,218.3 1 0
kubenebula.io/kubenebula/controllers/team/team_controller.go:222.42,226.17 3 0
kubenebula.io/kubenebula/controllers/team/team_controller.go:229.3,229.17 1 0
kubenebula.io/kubenebula/controllers/team/team_controller.go:226.17,228.4 1 0
kubenebula.io/kubenebula/controllers/team/team_controller.go:230.8,230.23 1 0
kubenebula.io/kubenebula/controllers/team/team_controller.go:230.23,233.3 1 0
kubenebula.io/kubenebula/controllers/team/team_controller.go:236.163,242.17 6 0
kubenebula.io/kubenebula/controllers/team/team_controller.go:242.17,244.4 1 0
kubenebula.io/kubenebula/controllers/team/team_controller.go:250.86,258.28 6 0
kubenebula.io/kubenebula/controllers/team/team_controller.go:264.2,264.100 1 0
kubenebula.io/kubenebula/controllers/team/team_controller.go:268.2,272.42 3 0
kubenebula.io/kubenebula/controllers/team/team_controller.go:286.2,286.76 1 0
kubenebula.io/kubenebula/controllers/team/team_controller.go:295.2,295.83 1 0
kubenebula.io/kubenebula/controllers/team/team_controller.go:304.2,310.101 6 0
kubenebula.io/kubenebula/controllers/team/team_controller.go:314.2,316.42 2 0
kubenebula.io/kubenebula/controllers/team/team_controller.go:330.2,330.78 1 0
kubenebula.io/kubenebula/controllers/team/team_controller.go:339.2,345.100 6 0
kubenebula.io/kubenebula/controllers/team/team_controller.go:349.2,351.42 2 0
kubenebula.io/kubenebula/controllers/team/team_controller.go:365.2,365.77 1 0
kubenebula.io/kubenebula/controllers/team/team_controller.go:374.2,374.12 1 0
kubenebula.io/kubenebula/controllers/team/team_controller.go:258.28,260.3 1 0
kubenebula.io/kubenebula/controllers/team/team_controller.go:260.8,262.3 1 0
kubenebula.io/kubenebula/controllers/team/team_controller.go:264.100,266.3 1 0
kubenebula.io/kubenebula/controllers/team/team_controller.go:272.42,276.17 3 0
kubenebula.io/kubenebula/controllers/team/team_controller.go:279.3,279.38 1 0
kubenebula.io/kubenebula/controllers/team/team_controller.go:276.17,278.4 1 0
kubenebula.io/kubenebula/controllers/team/team_controller.go:280.8,280.23 1 0
kubenebula.io/kubenebula/controllers/team/team_controller.go:280.23,283.3 1 0
kubenebula.io/kubenebula/controllers/team/team_controller.go:286.76,289.17 3 0
kubenebula.io/kubenebula/controllers/team/team_controller.go:292.3,292.98 1 0
kubenebula.io/kubenebula/controllers/team/team_controller.go:289.17,291.4 1 0
kubenebula.io/kubenebula/controllers/team/team_controller.go:295.83,299.17 4 0
kubenebula.io/kubenebula/controllers/team/team_controller.go:299.17,301.4 1 0
kubenebula.io/kubenebula/controllers/team/team_controller.go:310.101,312.3 1 0
kubenebula.io/kubenebula/controllers/team/team_controller.go:316.42,320.17 3 0
kubenebula.io/kubenebula/controllers/team/team_controller.go:323.3,323.40 1 0
kubenebula.io/kubenebula/controllers/team/team_controller.go:320.17,322.4 1 0
kubenebula.io/kubenebula/controllers/team/team_controller.go:324.8,324.23 1 0
kubenebula.io/kubenebula/controllers/team/team_controller.go:324.23,327.3 1 0
kubenebula.io/kubenebula/controllers/team/team_controller.go:330.78,333.17 3 0
kubenebula.io/kubenebula/controllers/team/team_controller.go:336.3,336.98 1 0
kubenebula.io/kubenebula/controllers/team/team_controller.go:333.17,335.4 1 0
kubenebula.io/kubenebula/controllers/team/team_controller.go:345.100,347.3 1 0
kubenebula.io/kubenebula/controllers/team/team_controller.go:351.42,355.17 3 0
kubenebula.io/kubenebula/controllers/team/team_controller.go:358.3,358.39 1 0
kubenebula.io/kubenebula/controllers/team/team_controller.go:355.17,357.4 1 0
kubenebula.io/kubenebula/controllers/team/team_controller.go:359.8,359.23 1 0
kubenebula.io/kubenebula/controllers/team/team_controller.go:359.23,362.3 1 0
kubenebula.io/kubenebula/controllers/team/team_controller.go:365.77,368.17 3 0
kubenebula.io/kubenebula/controllers/team/team_controller.go:371.3,371.98 1 0
kubenebula.io/kubenebula/controllers/team/team_controller.go:368.17,370.4 1 0
kubenebula.io/kubenebula/controllers/team/team_controller.go:377.78,383.16 4 0
kubenebula.io/kubenebula/controllers/team/team_controller.go:388.2,388.41 1 0
kubenebula.io/kubenebula/controllers/team/team_controller.go:401.2,401.12 1 0
kubenebula.io/kubenebula/controllers/team/team_controller.go:383.16,386.3 2 0
kubenebula.io/kubenebula/controllers/team/team_controller.go:388.41,389.51 1 0
kubenebula.io/kubenebula/controllers/team/team_controller.go:389.51,390.96 1 0
kubenebula.io/kubenebula/controllers/team/team_controller.go:393.4,395.18 3 0
kubenebula.io/kubenebula/controllers/team/team_controller.go:390.96,392.5 1 0
kubenebula.io/kubenebula/controllers/team/team_controller.go:395.18,397.5 1 0
kubenebula.io/kubenebula/controllers/team/team_controller.go:404.66,405.35 1 0
kubenebula.io/kubenebula/controllers/team/team_controller.go:410.2,410.14 1 0
kubenebula.io/kubenebula/controllers/team/team_controller.go:405.35,406.39 1 0
kubenebula.io/kubenebula/controllers/team/team_controller.go:406.39,408.4 1 0
kubenebula.io/kubenebula/controllers/team/team_controller.go:413.54,438.2 6 0
kubenebula.io/kubenebula/controllers/team/team_controller.go:439.56,475.2 6 0
kubenebula.io/kubenebula/controllers/team/team_controller.go:477.55,496.2 6 0
kubenebula.io/kubenebula/controllers/team/team_controller.go:497.51,499.2 1 0
kubenebula.io/kubenebula/controllers/team/team_controller.go:500.53,502.2 1 0
kubenebula.io/kubenebula/controllers/team/team_controller.go:503.52,505.2 1 0
kubenebula.io/kubenebula/controllers/team/team_controller.go:506.58,508.2 1 0
kubenebula.io/kubenebula/controllers/team/team_controller.go:510.60,512.2 1 0
kubenebula.io/kubenebula/controllers/team/team_controller.go:514.59,516.2 1 0
